Added Component: Designator=C201(CAPC1608X09N)
Add component (AddParameter): Name = "Dielectric"; Value = ""; VariantName = "[No Variations]"
Add component (AddParameter): Name = "Value"; Value = "1p"; VariantName = "[No Variations]"
Add component (AddParameter): Name = "Voltage"; Value = ""; VariantName = "[No Variations]"
Added Component: Designator=D201(5461AS)
Add component (AddParameter): Name = "Arrow Part Number"; Value = ""; VariantName = "[No Variations]"
Add component (AddParameter): Name = "Arrow Price/Stock"; Value = ""; VariantName = "[No Variations]"
Add component (AddParameter): Name = "Datasheet Link"; Value = "https://4donline.ihs.com/images/VipMasterIC/IC/ZOTD/ZOTDS00015/ZOTDS00015-1.pdf?hkey=EF798316E3902B6ED9A73243A3159BB0"; VariantName = "[No Variations]"
Add component (AddParameter): Name = "Geometry.Height"; Value = "8.25mm"; VariantName = "[No Variations]"
Add component (AddParameter): Name = "Manufacturer_Name"; Value = "ARK"; VariantName = "[No Variations]"
Add component (AddParameter): Name = "Manufacturer_Part_Number"; Value = "F-5461AS"; VariantName = "[No Variations]"
Add component (AddParameter): Name = "Mouser Part Number"; Value = ""; VariantName = "[No Variations]"
Add component (AddParameter): Name = "Mouser Price/Stock"; Value = ""; VariantName = "[No Variations]"
Added Component: Designator=P201(61300311121)
Add component (AddParameter): Name = "Color"; Value = "Black"; VariantName = "[No Variations]"
Add component (AddParameter): Name = "Connector Type"; Value = "Male Pin"; VariantName = "[No Variations]"
Add component (AddParameter): Name = "Contact Material"; Value = "Copper"; VariantName = "[No Variations]"
Add component (AddParameter): Name = "Contact Mating Length"; Value = "5.9944mm"; VariantName = "[No Variations]"
Add component (AddParameter): Name = "Contact Plating"; Value = "Gold"; VariantName = "[No Variations]"
Add component (AddParameter): Name = "Contact Resistance"; Value = "20mO"; VariantName = "[No Variations]"
Add component (AddParameter): Name = "Current Rating"; Value = "3A"; VariantName = "[No Variations]"
Add component (AddParameter): Name = "Gender"; Value = "Male"; VariantName = "[No Variations]"
Add component (AddParameter): Name = "Height"; Value = "8.94mm"; VariantName = "[No Variations]"
Add component (AddParameter): Name = "Lead Free"; Value = "Lead Free"; VariantName = "[No Variations]"
Add component (AddParameter): Name = "Lead Pitch"; Value = "2.54mm"; VariantName = "[No Variations]"
Add component (AddParameter): Name = "Max Operating Temperature"; Value = "105°C"; VariantName = "[No Variations]"
Add component (AddParameter): Name = "Min Operating Temperature"; Value = "-40°C"; VariantName = "[No Variations]"
Add component (AddParameter): Name = "Mount"; Value = "Through Hole"; VariantName = "[No Variations]"
Add component (AddParameter): Name = "NexarPartId"; Value = "32855521"; VariantName = "[No Variations]"
Add component (AddParameter): Name = "Number of Contacts"; Value = "3"; VariantName = "[No Variations]"
Add component (AddParameter): Name = "Number of Pins"; Value = "3"; VariantName = "[No Variations]"
Add component (AddParameter): Name = "Number of Positions"; Value = "3"; VariantName = "[No Variations]"
Add component (AddParameter): Name = "Number of Rows"; Value = "1"; VariantName = "[No Variations]"
Add component (AddParameter): Name = "Operating Supply Voltage"; Value = "250V"; VariantName = "[No Variations]"
Add component (AddParameter): Name = "Orientation"; Value = "Vertical"; VariantName = "[No Variations]"
Add component (AddParameter): Name = "Packaging"; Value = "Bulk"; VariantName = "[No Variations]"
Add component (AddParameter): Name = "Pitch"; Value = "2.54mm"; VariantName = "[No Variations]"
Add component (AddParameter): Name = "REACH SVHC"; Value = "Unknown"; VariantName = "[No Variations]"
Add component (AddParameter): Name = "RoHS"; Value = "Compliant"; VariantName = "[No Variations]"
Add component (AddParameter): Name = "Termination"; Value = "Solder"; VariantName = "[No Variations]"
Add component (AddParameter): Name = "Voltage Rating"; Value = "250V"; VariantName = "[No Variations]"
Added Component: Designator=Q201(FP-SOT23-MFG)
Add component (AddParameter): Name = "Case/Package"; Value = "SOT-23"; VariantName = "[No Variations]"
Add component (AddParameter): Name = "Continuous Drain Current (ID)"; Value = "5.7A"; VariantName = "[No Variations]"
Add component (AddParameter): Name = "Drain to Source Voltage (Vdss)"; Value = "30V"; VariantName = "[No Variations]"
Add component (AddParameter): Name = "Gate to Source Voltage (Vgs)"; Value = "12V"; VariantName = "[No Variations]"
Add component (AddParameter): Name = "Input Capacitance"; Value = "630pF"; VariantName = "[No Variations]"
Add component (AddParameter): Name = "Lead Free"; Value = "Lead Free"; VariantName = "[No Variations]"
Add component (AddParameter): Name = "Max Operating Temperature"; Value = "150°C"; VariantName = "[No Variations]"
Add component (AddParameter): Name = "Max Power Dissipation"; Value = "1.4W"; VariantName = "[No Variations]"
Add component (AddParameter): Name = "Min Operating Temperature"; Value = "-55°C"; VariantName = "[No Variations]"
Add component (AddParameter): Name = "Mount"; Value = "Surface Mount"; VariantName = "[No Variations]"
Add component (AddParameter): Name = "Number of Elements"; Value = "1"; VariantName = "[No Variations]"
Add component (AddParameter): Name = "Number of Pins"; Value = "3"; VariantName = "[No Variations]"
Add component (AddParameter): Name = "Packaging"; Value = "Tape and Reel"; VariantName = "[No Variations]"
Add component (AddParameter): Name = "Power Dissipation"; Value = "1.4W"; VariantName = "[No Variations]"
Add component (AddParameter): Name = "Radiation Hardening"; Value = "No"; VariantName = "[No Variations]"
Add component (AddParameter): Name = "Rds On Max"; Value = "26.5mR"; VariantName = "[No Variations]"
Added Component: Designator=Q202(FP-SOT23-MFG)
Add component (AddParameter): Name = "Case/Package"; Value = "SOT-23"; VariantName = "[No Variations]"
Add component (AddParameter): Name = "Continuous Drain Current (ID)"; Value = "5.7A"; VariantName = "[No Variations]"
Add component (AddParameter): Name = "Drain to Source Voltage (Vdss)"; Value = "30V"; VariantName = "[No Variations]"
Add component (AddParameter): Name = "Gate to Source Voltage (Vgs)"; Value = "12V"; VariantName = "[No Variations]"
Add component (AddParameter): Name = "Input Capacitance"; Value = "630pF"; VariantName = "[No Variations]"
Add component (AddParameter): Name = "Lead Free"; Value = "Lead Free"; VariantName = "[No Variations]"
Add component (AddParameter): Name = "Max Operating Temperature"; Value = "150°C"; VariantName = "[No Variations]"
Add component (AddParameter): Name = "Max Power Dissipation"; Value = "1.4W"; VariantName = "[No Variations]"
Add component (AddParameter): Name = "Min Operating Temperature"; Value = "-55°C"; VariantName = "[No Variations]"
Add component (AddParameter): Name = "Mount"; Value = "Surface Mount"; VariantName = "[No Variations]"
Add component (AddParameter): Name = "Number of Elements"; Value = "1"; VariantName = "[No Variations]"
Add component (AddParameter): Name = "Number of Pins"; Value = "3"; VariantName = "[No Variations]"
Add component (AddParameter): Name = "Packaging"; Value = "Tape and Reel"; VariantName = "[No Variations]"
Add component (AddParameter): Name = "Power Dissipation"; Value = "1.4W"; VariantName = "[No Variations]"
Add component (AddParameter): Name = "Radiation Hardening"; Value = "No"; VariantName = "[No Variations]"
Add component (AddParameter): Name = "Rds On Max"; Value = "26.5mR"; VariantName = "[No Variations]"
Added Component: Designator=Q203(FP-SOT23-MFG)
Add component (AddParameter): Name = "Case/Package"; Value = "SOT-23"; VariantName = "[No Variations]"
Add component (AddParameter): Name = "Continuous Drain Current (ID)"; Value = "5.7A"; VariantName = "[No Variations]"
Add component (AddParameter): Name = "Drain to Source Voltage (Vdss)"; Value = "30V"; VariantName = "[No Variations]"
Add component (AddParameter): Name = "Gate to Source Voltage (Vgs)"; Value = "12V"; VariantName = "[No Variations]"
Add component (AddParameter): Name = "Input Capacitance"; Value = "630pF"; VariantName = "[No Variations]"
Add component (AddParameter): Name = "Lead Free"; Value = "Lead Free"; VariantName = "[No Variations]"
Add component (AddParameter): Name = "Max Operating Temperature"; Value = "150°C"; VariantName = "[No Variations]"
Add component (AddParameter): Name = "Max Power Dissipation"; Value = "1.4W"; VariantName = "[No Variations]"
Add component (AddParameter): Name = "Min Operating Temperature"; Value = "-55°C"; VariantName = "[No Variations]"
Add component (AddParameter): Name = "Mount"; Value = "Surface Mount"; VariantName = "[No Variations]"
Add component (AddParameter): Name = "Number of Elements"; Value = "1"; VariantName = "[No Variations]"
Add component (AddParameter): Name = "Number of Pins"; Value = "3"; VariantName = "[No Variations]"
Add component (AddParameter): Name = "Packaging"; Value = "Tape and Reel"; VariantName = "[No Variations]"
Add component (AddParameter): Name = "Power Dissipation"; Value = "1.4W"; VariantName = "[No Variations]"
Add component (AddParameter): Name = "Radiation Hardening"; Value = "No"; VariantName = "[No Variations]"
Add component (AddParameter): Name = "Rds On Max"; Value = "26.5mR"; VariantName = "[No Variations]"
Added Component: Designator=Q204(FP-SOT23-MFG)
Add component (AddParameter): Name = "Case/Package"; Value = "SOT-23"; VariantName = "[No Variations]"
Add component (AddParameter): Name = "Continuous Drain Current (ID)"; Value = "5.7A"; VariantName = "[No Variations]"
Add component (AddParameter): Name = "Drain to Source Voltage (Vdss)"; Value = "30V"; VariantName = "[No Variations]"
Add component (AddParameter): Name = "Gate to Source Voltage (Vgs)"; Value = "12V"; VariantName = "[No Variations]"
Add component (AddParameter): Name = "Input Capacitance"; Value = "630pF"; VariantName = "[No Variations]"
Add component (AddParameter): Name = "Lead Free"; Value = "Lead Free"; VariantName = "[No Variations]"
Add component (AddParameter): Name = "Max Operating Temperature"; Value = "150°C"; VariantName = "[No Variations]"
Add component (AddParameter): Name = "Max Power Dissipation"; Value = "1.4W"; VariantName = "[No Variations]"
Add component (AddParameter): Name = "Min Operating Temperature"; Value = "-55°C"; VariantName = "[No Variations]"
Add component (AddParameter): Name = "Mount"; Value = "Surface Mount"; VariantName = "[No Variations]"
Add component (AddParameter): Name = "Number of Elements"; Value = "1"; VariantName = "[No Variations]"
Add component (AddParameter): Name = "Number of Pins"; Value = "3"; VariantName = "[No Variations]"
Add component (AddParameter): Name = "Packaging"; Value = "Tape and Reel"; VariantName = "[No Variations]"
Add component (AddParameter): Name = "Power Dissipation"; Value = "1.4W"; VariantName = "[No Variations]"
Add component (AddParameter): Name = "Radiation Hardening"; Value = "No"; VariantName = "[No Variations]"
Add component (AddParameter): Name = "Rds On Max"; Value = "26.5mR"; VariantName = "[No Variations]"
Added Component: Designator=R201(RESC1608X06N)
Add component (AddParameter): Name = "Value"; Value = ""; VariantName = "[No Variations]"
Added Component: Designator=R202(RESC1608X06N)
Add component (AddParameter): Name = "Value"; Value = ""; VariantName = "[No Variations]"
Added Component: Designator=R203(RESC1608X06N)
Add component (AddParameter): Name = "Value"; Value = ""; VariantName = "[No Variations]"
Added Component: Designator=R204(RESC1608X06N)
Add component (AddParameter): Name = "Value"; Value = ""; VariantName = "[No Variations]"
Added Component: Designator=R205(RESC1608X06N)
Add component (AddParameter): Name = "Value"; Value = ""; VariantName = "[No Variations]"
Added Component: Designator=R206(RESC1608X06N)
Add component (AddParameter): Name = "Value"; Value = ""; VariantName = "[No Variations]"
Added Component: Designator=R207(RESC1608X06N)
Add component (AddParameter): Name = "Value"; Value = ""; VariantName = "[No Variations]"
Added Component: Designator=R208(RESC1608X06N)
Add component (AddParameter): Name = "Value"; Value = ""; VariantName = "[No Variations]"
Added Component: Designator=R209(RESC1608X06N)
Add component (AddParameter): Name = "Value"; Value = ""; VariantName = "[No Variations]"
Added Component: Designator=R210(RESC1608X06N)
Add component (AddParameter): Name = "Value"; Value = ""; VariantName = "[No Variations]"
Added Component: Designator=U201(QFN40P300X300X75_HS-21N)
Added Pin To Net: NetName=3V3 Pin=C201-2
Added Pin To Net: NetName=3V3 Pin=P201-1
Added Pin To Net: NetName=3V3 Pin=R209-2
Added Pin To Net: NetName=3V3 Pin=R210-2
Added Pin To Net: NetName=3V3 Pin=U201-6
Added Net: Name=3V3
Added Pin To Net: NetName=A Pin=R201-1
Added Pin To Net: NetName=A Pin=U201-5
Added Net: Name=A
Added Pin To Net: NetName=B Pin=R202-1
Added Pin To Net: NetName=B Pin=U201-16
Added Net: Name=B
Added Pin To Net: NetName=C Pin=R203-1
Added Pin To Net: NetName=C Pin=U201-17
Added Net: Name=C
Added Pin To Net: NetName=DIG1 Pin=D201-6
Added Pin To Net: NetName=DIG1 Pin=Q201-3
Added Net: Name=DIG1
Added Pin To Net: NetName=DIG2 Pin=D201-8
Added Pin To Net: NetName=DIG2 Pin=Q202-3
Added Net: Name=DIG2
Added Pin To Net: NetName=DIG3 Pin=D201-9
Added Pin To Net: NetName=DIG3 Pin=Q203-3
Added Net: Name=DIG3
Added Pin To Net: NetName=DIG4 Pin=D201-12
Added Pin To Net: NetName=DIG4 Pin=Q204-3
Added Net: Name=DIG4
Added Pin To Net: NetName=DP Pin=R208-1
Added Pin To Net: NetName=DP Pin=U201-10
Added Net: Name=DP
Added Pin To Net: NetName=D Pin=R204-1
Added Pin To Net: NetName=D Pin=U201-18
Added Net: Name=D
Added Pin To Net: NetName=E Pin=R205-1
Added Pin To Net: NetName=E Pin=U201-19
Added Net: Name=E
Added Pin To Net: NetName=F Pin=R206-1
Added Pin To Net: NetName=F Pin=U201-20
Added Net: Name=F
Added Pin To Net: NetName=G_DIG1 Pin=U201-14
Added Net: Name=G_DIG1
Added Pin To Net: NetName=G_DIG2 Pin=U201-13
Added Net: Name=G_DIG2
Added Pin To Net: NetName=G_DIG3 Pin=U201-12
Added Net: Name=G_DIG3
Added Pin To Net: NetName=G_DIG4 Pin=U201-11
Added Net: Name=G_DIG4
Added Pin To Net: NetName=GND Pin=C201-1
Added Pin To Net: NetName=GND Pin=P201-3
Added Pin To Net: NetName=GND Pin=Q201-2
Added Pin To Net: NetName=GND Pin=Q202-2
Added Pin To Net: NetName=GND Pin=Q203-2
Added Pin To Net: NetName=GND Pin=Q204-2
Added Pin To Net: NetName=GND Pin=U201-0
Added Pin To Net: NetName=GND Pin=U201-4
Added Net: Name=GND
Added Pin To Net: NetName=G Pin=R207-1
Added Pin To Net: NetName=G Pin=U201-1
Added Net: Name=G
Added Net: Name=L_SW
Added Net: Name=L
Added Net: Name=NetB101_1
Added Net: Name=NetB101_4
Added Net: Name=NetB101_6
Added Net: Name=NetB103_1
Added Net: Name=NetB103_2
Added Net: Name=NetB103_3
Added Net: Name=NetB103_4
Added Net: Name=NetC101_2
Added Pin To Net: NetName=NetD201_1 Pin=D201-1
Added Pin To Net: NetName=NetD201_1 Pin=R205-2
Added Net: Name=NetD201_1
Added Pin To Net: NetName=NetD201_2 Pin=D201-2
Added Pin To Net: NetName=NetD201_2 Pin=R204-2
Added Net: Name=NetD201_2
Added Pin To Net: NetName=NetD201_3 Pin=D201-3
Added Pin To Net: NetName=NetD201_3 Pin=R208-2
Added Net: Name=NetD201_3
Added Pin To Net: NetName=NetD201_4 Pin=D201-4
Added Pin To Net: NetName=NetD201_4 Pin=R203-2
Added Net: Name=NetD201_4
Added Pin To Net: NetName=NetD201_5 Pin=D201-5
Added Pin To Net: NetName=NetD201_5 Pin=R207-2
Added Net: Name=NetD201_5
Added Pin To Net: NetName=NetD201_7 Pin=D201-7
Added Pin To Net: NetName=NetD201_7 Pin=R202-2
Added Net: Name=NetD201_7
Added Pin To Net: NetName=NetD201_10 Pin=D201-10
Added Pin To Net: NetName=NetD201_10 Pin=R206-2
Added Net: Name=NetD201_10
Added Pin To Net: NetName=NetD201_11 Pin=D201-11
Added Pin To Net: NetName=NetD201_11 Pin=R201-2
Added Net: Name=NetD201_11
Added Net: Name=NetF102_1
Added Pin To Net: NetName=NetJ102_2 Pin=R209-1
Added Pin To Net: NetName=NetJ102_2 Pin=U201-9
Added Net: Name=NetJ102_2
Added Pin To Net: NetName=NetJ102_3 Pin=R210-1
Added Pin To Net: NetName=NetJ102_3 Pin=U201-8
Added Net: Name=NetJ102_3
Added Net: Name=NetL101_2
Added Net: Name=NetL101_3
Added Net: Name=NetP101_2
Added Pin To Net: NetName=NetP201_2 Pin=P201-2
Added Pin To Net: NetName=NetP201_2 Pin=U201-15
Added Net: Name=NetP201_2
Added Net: Name=N
Added Net: Name=Reset
Added Net: Name=Run/Stop
Added Net: Name=SIG_IN
Added Net: Name=T+
Added Net: Name=T-
Added Net: Name=ZC
Added Class: Name=Sheet1
Added Class: Name=Sheet2
Added Rule: Name=Schematic Supply Nets
Added Rule: Name=Schematic Supply Nets_1
Added Rule: Name=Schematic Supply Nets_2
Added Rule: Name=Schematic Supply Nets_3
Added Rule: Name=Schematic Supply Nets_4
